Aggron Anti-Mage from the team Yellow enters the battle!
Joltik Pudge from the team White enters the battle!
Joltik Pudge использует способность Triple Kick. 
Aggron Anti-Mage loses 14 hit points.
Joltik Pudge использует способность Triple Kick. 
Aggron Anti-Mage loses 24 hit points.
Joltik Pudge использует способность Triple Kick. 
Aggron Anti-Mage loses 27 hit points.

Aggron Anti-Mage использует способность Shadow Punch. 
Joltik Pudge loses 23 hit points.

Joltik Pudge использует способность Ice Beam. 
Aggron Anti-Mage loses 4 hit points.

Aggron Anti-Mage использует способность Thunder Shock. 
Joltik Pudge loses 5 hit points.

Joltik Pudge использует способность Triple Kick. 
Aggron Anti-Mage loses 40 hit points.
Joltik Pudge использует способность Triple Kick. 
Aggron Anti-Mage loses 65 hit points.
Joltik Pudge использует способность Triple Kick. 
Aggron Anti-Mage loses 66 hit points.
Aggron Anti-Mage faints.
Charizard Invoker from the team Yellow enters the battle!
Charizard Invoker использует способность Thunder Wave. 

Joltik Pudge использует способность Ice Beam. 
Charizard Invoker loses 6 hit points.

Charizard Invoker использует способность Mega Punch. 
Joltik Pudge loses 13 hit points.

Joltik Pudge использует способность Triple Kick. 
Charizard Invoker loses 14 hit points.
Joltik Pudge использует способность Triple Kick. 
Charizard Invoker loses 8 hit points.
Joltik Pudge использует способность Triple Kick. 
Charizard Invoker loses 18 hit points.

Charizard Invoker использует способность Thunder Wave. 

Joltik Pudge использует способность Ice Beam. 
Critical hit!
Charizard Invoker loses 21 hit points.
Charizard Invoker faints.
Electabuzz Axe from the team Yellow enters the battle!
Electabuzz Axe использует способность Shadow Punch. 
Joltik Pudge loses 13 hit points.
Joltik Pudge faints.
Koffing Terrorblade from the team White enters the battle!
Electabuzz Axe использует способность Thunder Shock. 
Koffing Terrorblade loses 20 hit points.

Koffing Terrorblade misses

Electabuzz Axe использует способность Shadow Punch. 
Critical hit!
Koffing Terrorblade loses 21 hit points.

Koffing Terrorblade misses

Electabuzz Axe использует способность Shadow Punch. 
Koffing Terrorblade loses 8 hit points.

Koffing Terrorblade использует способность Thunder Wave. 

Electabuzz Axe использует способность Shadow Punch. 
Koffing Terrorblade loses 7 hit points.
Koffing Terrorblade faints.
Sneasel Snapfire from the team White enters the battle!
Electabuzz Axe использует способность Shadow Punch. 
Sneasel Snapfire loses 7 hit points.

Sneasel Snapfire misses

Electabuzz Axe misses

Sneasel Snapfire использует способность Double Kick. 
Electabuzz Axe loses 5 hit points.
Sneasel Snapfire использует способность Double Kick. 
Critical hit!
Electabuzz Axe loses 11 hit points.

Electabuzz Axe использует способность Thunder Shock. 
Sneasel Snapfire loses 13 hit points.

Sneasel Snapfire использует способность Double Kick. 
Electabuzz Axe loses 5 hit points.
Sneasel Snapfire использует способность Double Kick. 
Electabuzz Axe loses 6 hit points.

Electabuzz Axe использует способность Shadow Punch. 
Sneasel Snapfire loses 7 hit points.

Sneasel Snapfire использует способность Double Kick. 
Electabuzz Axe loses 8 hit points.
Sneasel Snapfire использует способность Double Kick. 
Electabuzz Axe loses 8 hit points.

Electabuzz Axe использует способность Thunder Shock. 
Sneasel Snapfire loses 14 hit points.

Sneasel Snapfire misses

Electabuzz Axe misses

Sneasel Snapfire использует способность Thunder Wave. 

Electabuzz Axe использует способность Shadow Punch. 
Sneasel Snapfire loses 5 hit points.

Sneasel Snapfire использует способность Thunder Wave. 

Electabuzz Axe misses

Sneasel Snapfire использует способность Thunder Wave. 

Electabuzz Axe misses

Sneasel Snapfire использует способность Mega Punch. 
Electabuzz Axe loses 10 hit points.

Electabuzz Axe использует способность Thunder Shock. 
Sneasel Snapfire loses 13 hit points.
Sneasel Snapfire faints.
Team White loses its last Pokemon.
The team Yellow wins the battle!
